2023-03-14 17:04:30,518 django.utils.autoreload INFO     Watching for file changes with StatReloader
2023-03-15 08:48:08,742 django.utils.autoreload INFO     Watching for file changes with StatReloader
2023-03-15 08:54:08,895 django.utils.autoreload INFO     Watching for file changes with StatReloader
2023-03-15 08:55:22,089 django.utils.autoreload INFO     Watching for file changes with StatReloader
2023-03-15 09:01:22,467 django.utils.autoreload INFO     Watching for file changes with StatReloader
2023-03-15 10:31:04,110 django.utils.autoreload INFO     Watching for file changes with StatReloader
2023-03-15 10:36:09,474 django.utils.autoreload INFO     /code/conf/settings.py changed, reloading.
2023-03-15 10:36:10,667 django.utils.autoreload INFO     Watching for file changes with StatReloader
2023-03-15 10:38:51,461 django.utils.autoreload INFO     Watching for file changes with StatReloader
2023-03-15 10:40:53,272 django.utils.autoreload INFO     Watching for file changes with StatReloader
2023-03-15 10:45:22,315 django.utils.autoreload INFO     /code/conf/settings.py changed, reloading.
2023-03-15 10:45:23,599 django.utils.autoreload INFO     Watching for file changes with StatReloader
2023-03-15 10:46:46,727 django.utils.autoreload INFO     Watching for file changes with StatReloader
2023-03-15 10:49:07,290 django.utils.autoreload INFO     /code/conf/settings.py changed, reloading.
2023-03-15 10:49:08,597 django.utils.autoreload INFO     Watching for file changes with StatReloader
2023-03-15 11:00:18,426 django.utils.autoreload INFO     Watching for file changes with StatReloader
2023-03-15 11:02:04,576 django.utils.autoreload INFO     Watching for file changes with StatReloader
2023-03-15 14:53:19,968 django.utils.autoreload INFO     Watching for file changes with StatReloader
2023-03-15 14:54:41,253 django.utils.autoreload INFO     Watching for file changes with StatReloader
2023-03-15 14:55:20,054 django.utils.autoreload INFO     /code/apps/home/urls.py changed, reloading.
2023-03-15 14:55:21,159 django.utils.autoreload INFO     Watching for file changes with StatReloader
2023-03-15 14:55:26,302 django.utils.autoreload INFO     /code/conf/urls.py changed, reloading.
2023-03-15 14:55:27,281 django.utils.autoreload INFO     Watching for file changes with StatReloader
2023-03-15 14:55:52,308 django.utils.autoreload INFO     Watching for file changes with StatReloader
2023-03-15 15:31:58,029 django.utils.autoreload INFO     /code/apps/home/views.py changed, reloading.
2023-03-15 15:31:59,111 django.utils.autoreload INFO     Watching for file changes with StatReloader
2023-03-15 15:32:28,494 django.utils.autoreload INFO     Watching for file changes with StatReloader
2023-03-15 15:49:54,632 django.utils.autoreload INFO     Watching for file changes with StatReloader
2023-03-15 16:05:16,767 django.utils.autoreload INFO     Watching for file changes with StatReloader
2023-03-15 16:05:56,883 django.utils.autoreload INFO     Watching for file changes with StatReloader
2023-03-15 16:08:25,792 django.utils.autoreload INFO     Watching for file changes with StatReloader
2023-03-15 16:10:26,444 django.utils.autoreload INFO     Watching for file changes with StatReloader
2023-03-15 16:12:12,623 django.utils.autoreload INFO     Watching for file changes with StatReloader
2023-03-15 16:12:56,675 django.utils.autoreload INFO     Watching for file changes with StatReloader
2023-03-15 16:19:36,463 django.utils.autoreload INFO     Watching for file changes with StatReloader
2023-03-15 16:31:30,817 django.utils.autoreload INFO     Watching for file changes with StatReloader
2023-03-15 16:34:06,411 django.utils.autoreload INFO     /code/apps/invitation/models.py changed, reloading.
2023-03-15 16:36:59,442 django.utils.autoreload INFO     Watching for file changes with StatReloader
2023-03-16 09:14:14,530 django.utils.autoreload INFO     Watching for file changes with StatReloader
2023-03-16 14:42:24,618 django.utils.autoreload INFO     Watching for file changes with StatReloader
2023-03-16 14:43:27,277 django.utils.autoreload INFO     Watching for file changes with StatReloader
2023-03-16 14:45:12,403 django.utils.autoreload INFO     Watching for file changes with StatReloader
2023-03-16 14:51:21,077 django.utils.autoreload INFO     Watching for file changes with StatReloader
2023-03-16 14:53:01,829 django.utils.autoreload INFO     Watching for file changes with StatReloader
2023-03-16 15:00:19,121 django.utils.autoreload INFO     Watching for file changes with StatReloader
2023-03-16 15:24:57,901 django.utils.autoreload INFO     Watching for file changes with StatReloader
2023-03-17 09:01:48,913 django.utils.autoreload INFO     Watching for file changes with StatReloader
2023-03-18 17:55:25,168 django.utils.autoreload INFO     Watching for file changes with StatReloader
2023-03-21 18:17:58,780 django.utils.autoreload INFO     Watching for file changes with StatReloader
2024-07-16 11:08:24,597 django.utils.autoreload INFO     Watching for file changes with StatReloader
2024-07-16 11:09:13,273 django.utils.autoreload INFO     Watching for file changes with StatReloader
2024-07-17 14:40:07,756 django.utils.autoreload INFO     Watching for file changes with StatReloader
